04, 21, 2025 (16:24:46): Opening rpy file C:\Program Files (x86)\IBM\Rational\Rhapsody Modeler\7.5\Share\Properties\PredefinedTypes.sbs
04, 21, 2025 (16:24:46): 
 Started loading C:\Program Files (x86)\IBM\Rational\Rhapsody Modeler\7.5\Share\Properties\PredefinedTypes.sbs on Monday, April 21, 2025 (16:24:46).-

04, 21, 2025 (16:24:46): 

Starting inUnit resolution phase


04, 21, 2025 (16:24:46): 

Finished inUnit resolution phase


04, 21, 2025 (16:24:46): 
 Finished loading C:\Program Files (x86)\IBM\Rational\Rhapsody Modeler\7.5\Share\Properties\PredefinedTypes.sbs on Monday, April 21, 2025 (16:24:46).-

04, 21, 2025 (16:24:46): Opening rpy file C:\Program Files (x86)\IBM\Rational\Rhapsody Modeler\7.5\Share\Properties\PredefinedTypesC++.sbs
04, 21, 2025 (16:24:46): 
 Started loading C:\Program Files (x86)\IBM\Rational\Rhapsody Modeler\7.5\Share\Properties\PredefinedTypesC++.sbs on Monday, April 21, 2025 (16:24:46).-

04, 21, 2025 (16:24:46): 

Starting inUnit resolution phase


04, 21, 2025 (16:24:46): 

Finished inUnit resolution phase


04, 21, 2025 (16:24:46): 
 Finished loading C:\Program Files (x86)\IBM\Rational\Rhapsody Modeler\7.5\Share\Properties\PredefinedTypesC++.sbs on Monday, April 21, 2025 (16:24:46).-

04, 21, 2025 (16:24:46): Opening rpy file C:\Users\farti\Desktop\CSC 834\Team Project\calendar\Team_Project_Calendar_UML\Team_Project_Calendar.rpy
04, 21, 2025 (16:24:46): 
 Started loading C:\Users\farti\Desktop\CSC 834\Team Project\calendar\Team_Project_Calendar_UML\Team_Project_Calendar.rpy on Monday, April 21, 2025 (16:24:46).-

04, 21, 2025 (16:24:46): Opening rpy file C:\Users\farti\Desktop\CSC 834\Team Project\calendar\Team_Project_Calendar_UML\Team_Project_Calendar_rpy\Default.sbs
04, 21, 2025 (16:24:46): 
 Started loading C:\Users\farti\Desktop\CSC 834\Team Project\calendar\Team_Project_Calendar_UML\Team_Project_Calendar_rpy\Default.sbs on Monday, April 21, 2025 (16:24:46).-

04, 21, 2025 (16:24:46): 

Starting inUnit resolution phase


04, 21, 2025 (16:24:46): 

Finished inUnit resolution phase


04, 21, 2025 (16:24:46): 
 Finished loading C:\Users\farti\Desktop\CSC 834\Team Project\calendar\Team_Project_Calendar_UML\Team_Project_Calendar_rpy\Default.sbs on Monday, April 21, 2025 (16:24:46).-

04, 21, 2025 (16:24:46): Opening rpy file C:\Users\farti\Desktop\CSC 834\Team Project\calendar\Team_Project_Calendar_UML\Team_Project_Calendar_rpy\DefaultComponent.cmp
04, 21, 2025 (16:24:46): 
 Started loading C:\Users\farti\Desktop\CSC 834\Team Project\calendar\Team_Project_Calendar_UML\Team_Project_Calendar_rpy\DefaultComponent.cmp on Monday, April 21, 2025 (16:24:46).-

04, 21, 2025 (16:24:46): 

Starting inUnit resolution phase


04, 21, 2025 (16:24:46): 

Finished inUnit resolution phase


04, 21, 2025 (16:24:46): 
 Finished loading C:\Users\farti\Desktop\CSC 834\Team Project\calendar\Team_Project_Calendar_UML\Team_Project_Calendar_rpy\DefaultComponent.cmp on Monday, April 21, 2025 (16:24:46).-

04, 21, 2025 (16:24:46): 

Starting inUnit resolution phase


04, 21, 2025 (16:24:46): 

Finished inUnit resolution phase


04, 21, 2025 (16:24:46): 

Starting inUnit resolution phase


04, 21, 2025 (16:24:46): 

Finished inUnit resolution phase


04, 21, 2025 (16:24:46): 

Starting inUnit resolution phase


04, 21, 2025 (16:24:46): 

Finished inUnit resolution phase


04, 21, 2025 (16:24:46): 
 Finished loading C:\Users\farti\Desktop\CSC 834\Team Project\calendar\Team_Project_Calendar_UML\Team_Project_Calendar.rpy on Monday, April 21, 2025 (16:24:46).-

04, 21, 2025 (16:24:46): Starting checks of EventsBaseID conflicts
04, 21, 2025 (16:24:46): Finished checks of EventsBaseID conflicts
04, 21, 2025 (16:24:46): End Log
