04, 21, 2025 (16:42:51): Starting Pre-Save actions

04, 21, 2025 (16:42:51): Starting Dialogs Check/Save
04, 21, 2025 (16:42:51): Finished Dialogs Check/Save
04, 21, 2025 (16:42:51): Starting Controlled Files Resolution
04, 21, 2025 (16:42:51): Finished Controlled Files Resolution
04, 21, 2025 (16:42:51): Finished Pre-Save actions

04, 21, 2025 (16:42:51): Creating C:\Users\farti\Desktop\CSC 834\Team Project\calendar\Team_Project_Calendar_UML\Team_Project_Calendar.rpy
04, 21, 2025 (16:42:51): 
Started writing C:\Users\farti\Desktop\CSC 834\Team Project\calendar\Team_Project_Calendar_UML\Team_Project_Calendar.rpy on Monday, April 21, 2025 (16:42:51)

04, 21, 2025 (16:42:51): version 8.5.2
04, 21, 2025 (16:42:51): 
Started writing C:\Users\farti\Desktop\CSC 834\Team Project\calendar\Team_Project_Calendar_UML\Team_Project_Calendar_rpy\filesTable.dat on Monday, April 21, 2025 (16:42:51)

04, 21, 2025 (16:42:51): Finished writing C:\Users\farti\Desktop\CSC 834\Team Project\calendar\Team_Project_Calendar_UML\Team_Project_Calendar_rpy\filesTable.dat on Monday, April 21, 2025 (16:42:51)

04, 21, 2025 (16:42:51): Creating C:\Users\farti\Desktop\CSC 834\Team Project\calendar\Team_Project_Calendar_UML\Team_Project_Calendar_rpy\Default.sbs
04, 21, 2025 (16:42:51): 
Started writing C:\Users\farti\Desktop\CSC 834\Team Project\calendar\Team_Project_Calendar_UML\Team_Project_Calendar_rpy\Default.sbs on Monday, April 21, 2025 (16:42:51)

04, 21, 2025 (16:42:51): version 8.5.2
04, 21, 2025 (16:42:51): Finished writing C:\Users\farti\Desktop\CSC 834\Team Project\calendar\Team_Project_Calendar_UML\Team_Project_Calendar_rpy\Default.sbs on Monday, April 21, 2025 (16:42:51)

04, 21, 2025 (16:42:51): Creating C:\Users\farti\Desktop\CSC 834\Team Project\calendar\Team_Project_Calendar_UML\Team_Project_Calendar_rpy\DefaultComponent.cmp
04, 21, 2025 (16:42:51): 
Started writing C:\Users\farti\Desktop\CSC 834\Team Project\calendar\Team_Project_Calendar_UML\Team_Project_Calendar_rpy\DefaultComponent.cmp on Monday, April 21, 2025 (16:42:51)

04, 21, 2025 (16:42:51): version 8.5.2
04, 21, 2025 (16:42:51): Finished writing C:\Users\farti\Desktop\CSC 834\Team Project\calendar\Team_Project_Calendar_UML\Team_Project_Calendar_rpy\DefaultComponent.cmp on Monday, April 21, 2025 (16:42:51)

04, 21, 2025 (16:42:51): Finished writing C:\Users\farti\Desktop\CSC 834\Team Project\calendar\Team_Project_Calendar_UML\Team_Project_Calendar.rpy on Monday, April 21, 2025 (16:42:51)

04, 21, 2025 (16:42:51): End Log
